<?xml version="1.0" encoding="UTF-8"?>
<!-- Generated by org.testng.reporters.JUnitXMLReporter -->
<testsuite hostname="SCORPION" ignored="2" name="Default test" tests="1" failures="0" timestamp="03 Jun 2017 00:22:20 GMT" time="46.71" errors="0">
  <testcase name="CreateNewAccount" time="6.059" classname="ZPracticeProject.ZPracticeProject.SampleNewTest"/>
  <testcase name="CreateNewAccountWithRegisteredEmail" time="0.0" classname="ZPracticeProject.ZPracticeProject.SampleNewTest">
    <ignored/>
  </testcase> <!-- CreateNewAccountWithRegisteredEmail -->
  <testcase name="LoginValidationWithInvalidEmail" time="0.0" classname="ZPracticeProject.ZPracticeProject.SampleNewTest">
    <ignored/>
  </testcase> <!-- LoginValidationWithInvalidEmail -->
</testsuite> <!-- Default test -->
