<?xml version="1.0" encoding="UTF-8"?>
<!-- Generated by org.testng.reporters.JUnitXMLReporter -->
<testsuite hostname="SCORPION" ignored="1" name="Default test" tests="2" failures="0" timestamp="02 Jun 2017 00:56:55 GMT" time="23.676" errors="0">
  <testcase name="CreateNewAccountWithRegisteredEmail" time="5.022" classname="ZPracticeProject.ZPracticeProject.SampleNewTest"/>
  <testcase name="CreateNewAccount" time="0.002" classname="ZPracticeProject.ZPracticeProject.SampleNewTest"/>
  <testcase name="LoginValidationWithInvalidEmail" time="0.0" classname="ZPracticeProject.ZPracticeProject.SampleNewTest">
    <ignored/>
  </testcase> <!-- LoginValidationWithInvalidEmail -->
</testsuite> <!-- Default test -->
