<?xml version="1.0" encoding="UTF-8"?>
<testng-results skipped="0" failed="0" ignored="2" total="3" passed="1">
  <reporter-output>
  </reporter-output>
  <suite name="Default suite" duration-ms="46710" started-at="2017-06-03T00:21:34Z" finished-at="2017-06-03T00:22:20Z">
    <groups>
    </groups>
    <test name="Default test" duration-ms="46710" started-at="2017-06-03T00:21:34Z" finished-at="2017-06-03T00:22:20Z">
      <class name="ZPracticeProject.ZPracticeProject.SampleNewTest">
        <test-method status="PASS" signature="beforeMethod()[pri:0, instance:ZPracticeProject.ZPracticeProject.SampleNewTest@3bfdc050]" name="beforeMethod" is-config="true" duration-ms="39124" started-at="2017-06-02T20:21:34Z" finished-at="2017-06-02T20:22:13Z">
          <reporter-output>
          </reporter-output>
        </test-method> <!-- beforeMethod -->
        <test-method status="PASS" signature="CreateNewAccount()[pri:3, instance:ZPracticeProject.ZPracticeProject.SampleNewTest@3bfdc050]" name="CreateNewAccount" duration-ms="6059" started-at="2017-06-02T20:22:13Z" finished-at="2017-06-02T20:22:19Z">
          <reporter-output>
          </reporter-output>
        </test-method> <!-- CreateNewAccount -->
        <test-method status="PASS" signature="afterMethod()[pri:0, instance:ZPracticeProject.ZPracticeProject.SampleNewTest@3bfdc050]" name="afterMethod" is-config="true" duration-ms="1505" started-at="2017-06-02T20:22:19Z" finished-at="2017-06-02T20:22:20Z">
          <reporter-output>
          </reporter-output>
        </test-method> <!-- afterMethod -->
      </class> <!-- ZPracticeProject.ZPracticeProject.SampleNewTest -->
    </test> <!-- Default test -->
  </suite> <!-- Default suite -->
</testng-results>
