<?xml version="1.0" encoding="UTF-8"?>
<testng-results skipped="0" failed="0" ignored="1" total="3" passed="2">
  <reporter-output>
  </reporter-output>
  <suite name="Default suite" duration-ms="23676" started-at="2017-06-02T00:56:32Z" finished-at="2017-06-02T00:56:55Z">
    <groups>
    </groups>
    <test name="Default test" duration-ms="23676" started-at="2017-06-02T00:56:32Z" finished-at="2017-06-02T00:56:55Z">
      <class name="ZPracticeProject.ZPracticeProject.SampleNewTest">
        <test-method status="PASS" signature="beforeMethod()[pri:0, instance:ZPracticeProject.ZPracticeProject.SampleNewTest@3bfdc050]" name="beforeMethod" is-config="true" duration-ms="8450" started-at="2017-06-01T20:56:32Z" finished-at="2017-06-01T20:56:40Z">
          <reporter-output>
          </reporter-output>
        </test-method> <!-- beforeMethod -->
        <test-method status="PASS" signature="CreateNewAccountWithRegisteredEmail()[pri:2, instance:ZPracticeProject.ZPracticeProject.SampleNewTest@3bfdc050]" name="CreateNewAccountWithRegisteredEmail" duration-ms="5022" started-at="2017-06-01T20:56:40Z" finished-at="2017-06-01T20:56:45Z">
          <reporter-output>
          </reporter-output>
        </test-method> <!-- CreateNewAccountWithRegisteredEmail -->
        <test-method status="PASS" signature="afterMethod()[pri:0, instance:ZPracticeProject.ZPracticeProject.SampleNewTest@3bfdc050]" name="afterMethod" is-config="true" duration-ms="1117" started-at="2017-06-01T20:56:45Z" finished-at="2017-06-01T20:56:46Z">
          <reporter-output>
          </reporter-output>
        </test-method> <!-- afterMethod -->
        <test-method status="PASS" signature="beforeMethod()[pri:0, instance:ZPracticeProject.ZPracticeProject.SampleNewTest@3bfdc050]" name="beforeMethod" is-config="true" duration-ms="8005" started-at="2017-06-01T20:56:46Z" finished-at="2017-06-01T20:56:54Z">
          <reporter-output>
          </reporter-output>
        </test-method> <!-- beforeMethod -->
        <test-method status="PASS" signature="CreateNewAccount()[pri:3, instance:ZPracticeProject.ZPracticeProject.SampleNewTest@3bfdc050]" name="CreateNewAccount" duration-ms="2" started-at="2017-06-01T20:56:54Z" finished-at="2017-06-01T20:56:54Z">
          <reporter-output>
          </reporter-output>
        </test-method> <!-- CreateNewAccount -->
        <test-method status="PASS" signature="afterMethod()[pri:0, instance:ZPracticeProject.ZPracticeProject.SampleNewTest@3bfdc050]" name="afterMethod" is-config="true" duration-ms="1058" started-at="2017-06-01T20:56:54Z" finished-at="2017-06-01T20:56:55Z">
          <reporter-output>
          </reporter-output>
        </test-method> <!-- afterMethod -->
      </class> <!-- ZPracticeProject.ZPracticeProject.SampleNewTest -->
    </test> <!-- Default test -->
  </suite> <!-- Default suite -->
</testng-results>
